[2020-05-22 13:02:10,815] INFO [GroupCoordinator 0]: Member[group.instance.id None, member.id consumer-all-2-dfdae79d-6896-48be-92cb-7dd5e6e29572] in group all has left, removing it from the group (kafka.coordinator.group.GroupCoordinator)
[2020-05-22 13:02:10,815] INFO [GroupCoordinator 0]: Member[group.instance.id None, member.id consumer-17d30cbd-d034-4abe-94d0-47c951e71bb2-1-863bdb54-e5c7-4d8c-9adf-074a4624c3c5] in group 17d30cbd-d034-4abe-94d0-47c951e71bb2 has left, removing it from the group (kafka.coordinator.group.GroupCoordinator)
[2020-05-22 13:02:10,815] INFO [GroupCoordinator 0]: Preparing to rebalance group all in state PreparingRebalance with old generation 49 (__consumer_offsets-23) (reason: removing member consumer-all-2-dfdae79d-6896-48be-92cb-7dd5e6e29572 on LeaveGroup) (kafka.coordinator.group.GroupCoordinator)
[2020-05-22 13:02:10,816] INFO [GroupCoordinator 0]: Preparing to rebalance group 17d30cbd-d034-4abe-94d0-47c951e71bb2 in state PreparingRebalance with old generation 1 (__consumer_offsets-48) (reason: removing member consumer-17d30cbd-d034-4abe-94d0-47c951e71bb2-1-863bdb54-e5c7-4d8c-9adf-074a4624c3c5 on LeaveGroup) (kafka.coordinator.group.GroupCoordinator)
[2020-05-22 13:02:10,816] INFO [GroupCoordinator 0]: Group all with generation 50 is now empty (__consumer_offsets-23) (kafka.coordinator.group.GroupCoordinator)
[2020-05-22 13:02:10,816] INFO [GroupCoordinator 0]: Group 17d30cbd-d034-4abe-94d0-47c951e71bb2 with generation 2 is now empty (__consumer_offsets-48) (kafka.coordinator.group.GroupCoordinator)
[2020-05-22 13:02:13,309] INFO [GroupCoordinator 0]: Preparing to rebalance group all in state PreparingRebalance with old generation 50 (__consumer_offsets-23) (reason: Adding new member consumer-all-1-e5fdaf8f-f28b-42a9-b000-601107ab8a2a with group instance id None) (kafka.coordinator.group.GroupCoordinator)
[2020-05-22 13:02:13,309] INFO [GroupCoordinator 0]: Preparing to rebalance group 9f6bf8ba-3e22-4bb6-97ad-598be0776007 in state PreparingRebalance with old generation 0 (__consumer_offsets-31) (reason: Adding new member consumer-9f6bf8ba-3e22-4bb6-97ad-598be0776007-2-e2d3cf0a-a9f9-4c5c-8340-32f01f78ce3f with group instance id None) (kafka.coordinator.group.GroupCoordinator)
[2020-05-22 13:02:13,310] INFO [GroupCoordinator 0]: Stabilized group all generation 51 (__consumer_offsets-23) (kafka.coordinator.group.GroupCoordinator)
[2020-05-22 13:02:13,310] INFO [GroupCoordinator 0]: Stabilized group 9f6bf8ba-3e22-4bb6-97ad-598be0776007 generation 1 (__consumer_offsets-31) (kafka.coordinator.group.GroupCoordinator)
[2020-05-22 13:02:13,314] INFO [GroupCoordinator 0]: Assignment received from leader for group all for generation 51 (kafka.coordinator.group.GroupCoordinator)
[2020-05-22 13:02:13,314] INFO [GroupCoordinator 0]: Assignment received from leader for group 9f6bf8ba-3e22-4bb6-97ad-598be0776007 for generation 1 (kafka.coordinator.group.GroupCoordinator)
[2020-05-22 13:02:56,225] INFO [GroupCoordinator 0]: Member[group.instance.id None, member.id consumer-all-1-e5fdaf8f-f28b-42a9-b000-601107ab8a2a] in group all has left, removing it from the group (kafka.coordinator.group.GroupCoordinator)
[2020-05-22 13:02:56,225] INFO [GroupCoordinator 0]: Member[group.instance.id None, member.id consumer-9f6bf8ba-3e22-4bb6-97ad-598be0776007-2-e2d3cf0a-a9f9-4c5c-8340-32f01f78ce3f] in group 9f6bf8ba-3e22-4bb6-97ad-598be0776007 has left, removing it from the group (kafka.coordinator.group.GroupCoordinator)
[2020-05-22 13:02:56,225] INFO [GroupCoordinator 0]: Preparing to rebalance group all in state PreparingRebalance with old generation 51 (__consumer_offsets-23) (reason: removing member consumer-all-1-e5fdaf8f-f28b-42a9-b000-601107ab8a2a on LeaveGroup) (kafka.coordinator.group.GroupCoordinator)
[2020-05-22 13:02:56,225] INFO [GroupCoordinator 0]: Preparing to rebalance group 9f6bf8ba-3e22-4bb6-97ad-598be0776007 in state PreparingRebalance with old generation 1 (__consumer_offsets-31) (reason: removing member consumer-9f6bf8ba-3e22-4bb6-97ad-598be0776007-2-e2d3cf0a-a9f9-4c5c-8340-32f01f78ce3f on LeaveGroup) (kafka.coordinator.group.GroupCoordinator)
[2020-05-22 13:02:56,225] INFO [GroupCoordinator 0]: Group all with generation 52 is now empty (__consumer_offsets-23) (kafka.coordinator.group.GroupCoordinator)
[2020-05-22 13:02:56,225] INFO [GroupCoordinator 0]: Group 9f6bf8ba-3e22-4bb6-97ad-598be0776007 with generation 2 is now empty (__consumer_offsets-31) (kafka.coordinator.group.GroupCoordinator)
[2020-05-22 13:02:58,789] INFO [GroupCoordinator 0]: Preparing to rebalance group 56fb70c2-22ae-4616-b4c4-7bdd35aa3eaa in state PreparingRebalance with old generation 0 (__consumer_offsets-0) (reason: Adding new member consumer-56fb70c2-22ae-4616-b4c4-7bdd35aa3eaa-1-55dcd37b-dfc1-46e9-acd7-63140e707b10 with group instance id None) (kafka.coordinator.group.GroupCoordinator)
[2020-05-22 13:02:58,790] INFO [GroupCoordinator 0]: Stabilized group 56fb70c2-22ae-4616-b4c4-7bdd35aa3eaa generation 1 (__consumer_offsets-0) (kafka.coordinator.group.GroupCoordinator)
[2020-05-22 13:02:58,793] INFO [GroupCoordinator 0]: Assignment received from leader for group 56fb70c2-22ae-4616-b4c4-7bdd35aa3eaa for generation 1 (kafka.coordinator.group.GroupCoordinator)
[2020-05-22 13:04:48,389] INFO [GroupMetadataManager brokerId=0] Removed 0 expired offsets in 0 milliseconds. (kafka.coordinator.group.GroupMetadataManager)
[2020-05-22 13:05:26,055] INFO [GroupCoordinator 0]: Member[group.instance.id None, member.id consumer-56fb70c2-22ae-4616-b4c4-7bdd35aa3eaa-1-55dcd37b-dfc1-46e9-acd7-63140e707b10] in group 56fb70c2-22ae-4616-b4c4-7bdd35aa3eaa has left, removing it from the group (kafka.coordinator.group.GroupCoordinator)
[2020-05-22 13:05:26,056] INFO [GroupCoordinator 0]: Preparing to rebalance group 56fb70c2-22ae-4616-b4c4-7bdd35aa3eaa in state PreparingRebalance with old generation 1 (__consumer_offsets-0) (reason: removing member consumer-56fb70c2-22ae-4616-b4c4-7bdd35aa3eaa-1-55dcd37b-dfc1-46e9-acd7-63140e707b10 on LeaveGroup) (kafka.coordinator.group.GroupCoordinator)
[2020-05-22 13:05:26,056] INFO [GroupCoordinator 0]: Group 56fb70c2-22ae-4616-b4c4-7bdd35aa3eaa with generation 2 is now empty (__consumer_offsets-0) (kafka.coordinator.group.GroupCoordinator)
[2020-05-22 13:05:30,130] INFO [GroupCoordinator 0]: Preparing to rebalance group 89038e75-b3df-4cb1-a071-58492887d027 in state PreparingRebalance with old generation 0 (__consumer_offsets-41) (reason: Adding new member consumer-89038e75-b3df-4cb1-a071-58492887d027-1-5ddff903-08af-4ccd-904b-1e4a05bbf957 with group instance id None) (kafka.coordinator.group.GroupCoordinator)
[2020-05-22 13:05:30,131] INFO [GroupCoordinator 0]: Stabilized group 89038e75-b3df-4cb1-a071-58492887d027 generation 1 (__consumer_offsets-41) (kafka.coordinator.group.GroupCoordinator)
[2020-05-22 13:05:30,135] INFO [GroupCoordinator 0]: Assignment received from leader for group 89038e75-b3df-4cb1-a071-58492887d027 for generation 1 (kafka.coordinator.group.GroupCoordinator)
[2020-05-22 13:09:30,053] INFO [GroupCoordinator 0]: Member[group.instance.id None, member.id consumer-89038e75-b3df-4cb1-a071-58492887d027-1-5ddff903-08af-4ccd-904b-1e4a05bbf957] in group 89038e75-b3df-4cb1-a071-58492887d027 has left, removing it from the group (kafka.coordinator.group.GroupCoordinator)
[2020-05-22 13:09:30,053] INFO [GroupCoordinator 0]: Preparing to rebalance group 89038e75-b3df-4cb1-a071-58492887d027 in state PreparingRebalance with old generation 1 (__consumer_offsets-41) (reason: removing member consumer-89038e75-b3df-4cb1-a071-58492887d027-1-5ddff903-08af-4ccd-904b-1e4a05bbf957 on LeaveGroup) (kafka.coordinator.group.GroupCoordinator)
[2020-05-22 13:09:30,053] INFO [GroupCoordinator 0]: Group 89038e75-b3df-4cb1-a071-58492887d027 with generation 2 is now empty (__consumer_offsets-41) (kafka.coordinator.group.GroupCoordinator)
[2020-05-22 13:09:32,708] INFO [GroupCoordinator 0]: Preparing to rebalance group 15d4f2a8-f270-4bc8-8f61-e55611a1b2e7 in state PreparingRebalance with old generation 0 (__consumer_offsets-25) (reason: Adding new member consumer-15d4f2a8-f270-4bc8-8f61-e55611a1b2e7-1-66860266-4da6-4a94-9a1d-6d257877f578 with group instance id None) (kafka.coordinator.group.GroupCoordinator)
[2020-05-22 13:09:32,708] INFO [GroupCoordinator 0]: Stabilized group 15d4f2a8-f270-4bc8-8f61-e55611a1b2e7 generation 1 (__consumer_offsets-25) (kafka.coordinator.group.GroupCoordinator)
[2020-05-22 13:09:32,711] INFO [GroupCoordinator 0]: Assignment received from leader for group 15d4f2a8-f270-4bc8-8f61-e55611a1b2e7 for generation 1 (kafka.coordinator.group.GroupCoordinator)
